<?xml version="1.0" encoding="UTF-8"?>
<!-- Generated by org.testng.reporters.JUnitReportReporter -->
<testsuite skipped="0" hostname="LAPTOP-VK3JBR6Q" name="GitPractice.GitPractice.AppTest" tests="1" failures="0" timestamp="29 Mar 2022 06:19:29 GMT" time="0.001" errors="0">
  <testcase name="testApp" time="0.001" classname="GitPractice.GitPractice.AppTest"/>
</testsuite> <!-- GitPractice.GitPractice.AppTest -->
