<?xml version="1.0" encoding="UTF-8"?>
<!-- Generated by org.testng.reporters.JUnitReportReporter -->
<testsuite skipped="0" hostname="LAPTOP-VK3JBR6Q" name="GitPractice.GitPractice.LoginTest" tests="1" failures="0" timestamp="29 Mar 2022 06:02:30 GMT" time="3.405" errors="0">
  <testcase name="doLogin" time="3.405" classname="GitPractice.GitPractice.LoginTest"/>
</testsuite> <!-- GitPractice.GitPractice.LoginTest -->
